<?xml version="1.0" encoding="UTF-8"?>
<!-- Generated by org.testng.reporters.JUnitXMLReporter -->
<testsuite ignored="0" hostname="DESKTOP-773JB5A" failures="0" tests="6" name="chrometest" time="49.541" errors="0" timestamp="2022-10-22T08:06:38 IST">
  <testcase classname="fundmodule.verifyusercanclickonelment" name="@BeforeMethod beforeMethod" time="-1.666406198381E9">
    <failure type="org.testng.TestNGException" message="
Can inject only one of &amp;lt;ITestContext, XmlTest, Method, Object[], ITestResult&amp;gt; into a @BeforeMethod annotated beforeMethod.
For more information on native dependency injection please refer to https://testng.org/doc/documentation-main.html#native-dependency-injection">
      <![CDATA[org.testng.TestNGException: 
Can inject only one of <ITestContext, XmlTest, Method, Object[], ITestResult> into a @BeforeMethod annotated beforeMethod.
For more information on native dependency injection please refer to https://testng.org/doc/documentation-main.html#native-dependency-injection
at java.base/java.util.ArrayList.forEach(ArrayList.java:1541)
... Removed 28 stack frames]]>
    </failure>
  </testcase> <!-- @BeforeMethod beforeMethod -->
  <testcase classname="fundmodule.verifyusercanclickonelment" name="@AfterMethod afterMethod" time="0.0">
    <skipped/>
  </testcase> <!-- @AfterMethod afterMethod -->
  <testcase classname="fundmodule.verifyusercanclickonelment" name="@AfterClass afterClass" time="0.0">
    <skipped/>
  </testcase> <!-- @AfterClass afterClass -->
  <testcase classname="fundmodule.Checloginfunctionality" name="Verifyusercanlogin" time="9.913"/>
  <testcase classname="fundmodule.Checloginfunctionality" name="verifyusercanclickonfundbutton" time="0.277"/>
  <testcase classname="fundmodule.Checloginfunctionality" name="verifyusercanopenaddfundbuttonwindow" time="5.995"/>
  <testcase classname="fundmodule.Checloginfunctionality" name="verifyusercanaddfund" time="0.146"/>
  <testcase classname="fundmodule.Checloginfunctionality" name="verifypaymentstatus" time="10.095"/>
  <testcase classname="fundmodule.verifyusercanclickonelment" name="Verifyusercanclickonelement" time="0.0">
    <skipped/>
  </testcase> <!-- Verifyusercanclickonelement -->
</testsuite> <!-- chrometest -->
